\BOOKMARK [0][-]{chapter*.1}{\376\377\004\020\004\075\004\075\004\076\004\102\004\060\004\106\004\070\004\117}{}% 1
\BOOKMARK [0][-]{chapter*.3}{\376\377\004\022\004\062\004\065\004\064\004\065\004\075\004\070\004\065}{}% 2
\BOOKMARK [0][-]{chapter*.4}{\376\377\004\041\004\077\004\070\004\101\004\076\004\072\000\040\004\070\004\101\004\077\004\076\004\073\004\114\004\067\004\103\004\065\004\074\004\113\004\105\000\040\004\076\004\061\004\076\004\067\004\075\004\060\004\107\004\065\004\075\004\070\004\071\000\040\004\070\000\040\004\101\004\076\004\072\004\100\004\060\004\111\004\065\004\075\004\070\004\071}{}% 3
\BOOKMARK [0][-]{chapter.1}{\376\377\004\023\004\073\004\060\004\062\004\060\000\040\0001\000.\000\040\000\040\004\033\004\070\004\102\004\065\004\100\004\060\004\102\004\103\004\100\004\075\004\113\004\071\000\040\004\076\004\061\004\067\004\076\004\100}{}% 4
\BOOKMARK [1][-]{section.1.1}{\376\377\004\036\004\061\004\111\004\070\004\065\000\040\004\077\004\100\004\070\004\075\004\106\004\070\004\077\004\113\000\040\000D\000L\000W\040\023\004\075\004\060\004\075\004\076\004\073\004\070\004\102\004\076\004\063\004\100\004\060\004\104\004\070\004\070}{chapter.1}% 5
\BOOKMARK [1][-]{section.1.2}{\376\377\004\022\004\076\004\072\004\101\004\065\004\073\004\114\000\040\004\062\000\040\000D\000L\000W\040\023\004\075\004\060\004\075\004\076\004\073\004\070\004\102\004\076\004\063\004\100\004\060\004\104\004\070\004\070}{chapter.1}% 6
\BOOKMARK [1][-]{section.1.3}{\376\377\004\036\004\077\004\102\004\070\004\107\004\065\004\101\004\072\004\070\004\065\000\040\004\101\004\062\004\076\004\071\004\101\004\102\004\062\004\060}{chapter.1}% 7
\BOOKMARK [1][-]{section.1.4}{\376\377\004\034\004\065\004\105\004\060\004\075\004\070\004\107\004\065\004\101\004\072\004\070\004\065\000\040\004\101\004\062\004\076\004\071\004\101\004\102\004\062\004\060}{chapter.1}% 8
\BOOKMARK [1][-]{section.1.5}{\376\377\0003\000D\000\040\004\062\004\076\004\073\004\075\004\076\004\062\004\076\004\064\004\113\000/\004\074\004\065\004\066\004\101\004\076\004\065\004\064\004\070\004\075\004\065\004\075\004\070\004\117}{chapter.1}% 9
\BOOKMARK [0][-]{chapter.2}{\376\377\004\023\004\073\004\060\004\062\004\060\000\040\0002\000.\000\040\000\040\004\034\004\060\004\102\004\065\004\100\004\070\004\060\004\073\004\113\000\040\004\070\000\040\004\034\004\065\004\102\004\076\004\064\004\113}{}% 10
\BOOKMARK [1][-]{section.2.1}{\376\377\004\045\004\070\004\074\004\070\004\107\004\065\004\101\004\072\004\070\004\065\000\040\004\101\004\076\004\065\004\064\004\070\004\075\004\065\004\075\004\070\004\117}{chapter.2}% 11
\BOOKMARK [1][-]{section.2.2}{\376\377\000D\000L\000W\040\023\004\075\004\060\004\075\004\076\004\073\004\070\004\102\004\076\004\063\004\100\004\060\004\104\004\070\004\117}{chapter.2}% 12
\BOOKMARK [1][-]{section.2.3}{\376\377\004\034\004\076\004\100\004\104\004\076\004\073\004\076\004\063\004\070\004\117}{chapter.2}% 13
\BOOKMARK [1][-]{section.2.4}{\376\377\004\040\004\060\004\074\004\060\004\075\004\076\004\062\004\101\004\072\004\060\004\117\000\040\004\101\004\077\004\065\004\072\004\102\004\100\004\076\004\101\004\072\004\076\004\077\004\070\004\117}{chapter.2}% 14
\BOOKMARK [1][-]{section.2.5}{\376\377\004\035\004\060\004\075\004\076\004\070\004\075\004\064\004\065\004\075\004\102\004\070\004\100\004\076\004\062\004\060\004\075\004\070\004\065}{chapter.2}% 15
\BOOKMARK [0][-]{chapter.3}{\376\377\004\023\004\073\004\060\004\062\004\060\000\040\0003\000.\000\040\000\040\004\040\004\065\004\067\004\103\004\073\004\114\004\102\004\060\004\102\004\113}{}% 16
\BOOKMARK [1][-]{section.3.1}{\376\377\004\022\004\073\004\070\004\117\004\075\004\070\004\065\000\040\004\077\004\060\004\100\004\060\004\074\004\065\004\102\004\100\004\076\004\062\000\040\000D\000L\000W\040\023\004\075\004\060\004\075\004\076\004\073\004\070\004\102\004\076\004\063\004\100\004\060\004\104\004\070\004\070\000\040\004\075\004\060\000\040\004\076\004\061\004\112\004\065\004\074\000\040\004\077\004\076\004\073\004\070\004\074\004\065\004\100\004\070\004\067\004\076\004\062\004\060\004\075\004\075\004\076\004\071\000\040\004\076\004\061\004\073\004\060\004\101\004\102\004\070}{chapter.3}% 17
\BOOKMARK [1][-]{section.3.2}{\376\377\004\036\004\077\004\100\004\065\004\064\004\065\004\073\004\065\004\075\004\070\004\065\000\040\004\101\004\102\004\065\004\077\004\065\004\075\004\070\000\040\004\072\004\076\004\075\004\062\004\065\004\100\004\101\004\070\004\070\000\040\004\070\000\040\004\077\004\100\004\070\004\062\004\065\004\064\004\065\004\075\004\075\004\076\004\063\004\076\000\040\004\074\004\076\004\064\004\103\004\073\004\117\000\040\004\056\004\075\004\063\004\060\000\040\004\072\004\060\004\072\000\040\004\104\004\103\004\075\004\072\004\106\004\070\004\070\000\040\004\074\004\076\004\111\004\075\004\076\004\101\004\102\004\070\000\040\004\073\004\060\004\067\004\065\004\100\004\075\004\076\004\063\004\076\000\040\004\070\004\067\004\073\004\103\004\107\004\065\004\075\004\070\004\117}{chapter.3}% 18
\BOOKMARK [1][-]{section.3.3}{\376\377\0003\000-\000D\000\040\004\101\004\102\004\100\004\103\004\072\004\102\004\103\004\100\004\113\000\040\004\101\004\073\004\076\004\066\004\075\004\076\004\071\000\040\004\104\004\076\004\100\004\074\004\113\000\040\004\070\000\040\004\060\004\100\004\105\004\070\004\102\004\065\004\072\004\102\004\103\004\100\004\113}{chapter.3}% 19
\BOOKMARK [0][-]{chapter.4}{\376\377\004\023\004\073\004\060\004\062\004\060\000\040\0004\000.\000\040\000\040\004\027\004\060\004\072\004\073\004\116\004\107\004\065\004\075\004\070\004\065}{}% 20
\BOOKMARK [0][-]{chapter*.28}{\376\377\004\021\004\073\004\060\004\063\004\076\004\064\004\060\004\100\004\075\004\076\004\101\004\102\004\070}{}% 21
\BOOKMARK [0][-]{chapter*.29}{\376\377\004\041\004\077\004\070\004\101\004\076\004\072\000\040\004\077\004\065\004\107\004\060\004\102\004\075\004\113\004\105\000\040\004\100\004\060\004\061\004\076\004\102\000\040\004\077\004\076\000\040\004\102\004\065\004\074\004\065\000\040\004\064\004\070\004\101\004\101\004\065\004\100\004\102\004\060\004\106\004\070\004\070}{}% 22
\BOOKMARK [0][-]{section*.31}{\376\377\004\041\004\077\004\070\004\101\004\076\004\072\000\040\004\073\004\070\004\102\004\065\004\100\004\060\004\102\004\103\004\100\004\113}{}% 23
